2018-09-01 10:38:35:298 [main] DEBUG com.myself.o2o.dao.ShopDao.insertShop-==>  Preparing: insert into tb_shop(owner_id,area_id,shop_category_id,shop_name,shop_desc,shop_addr,phone,shop_img,priority,create_time,last_edit_time,enable_status,advice) values (?,?,?, ?,?,?,?,?,?,?,?,?,?) 
2018-09-01 10:38:35:354 [main] DEBUG com.myself.o2o.dao.ShopDao.insertShop-==> Parameters: 1(Long), 2(Integer), 1(Long), 测试店铺3(String), test3(String), test3(String), test3(String), null, null, 2018-09-01 10:38:35.283(Timestamp), 2018-09-01 10:38:35.283(Timestamp), 0(Integer), 审核中(String)
2018-09-01 10:38:35:367 [main] DEBUG com.myself.o2o.dao.ShopDao.insertShop-<==    Updates: 1
2018-09-01 10:38:35:375 [main] DEBUG com.myself.o2o.util.ImageUtil-current relativeAddr is:\upload\item\shop\9\2018090110383543124.jpg
2018-09-01 10:38:35:377 [main] DEBUG com.myself.o2o.util.ImageUtil-current complete addr is:D:\projectdev\image\upload\item\shop\9\2018090110383543124.jpg
2018-09-01 10:38:36:565 [main] DEBUG com.myself.o2o.dao.ShopDao.updateShop-==>  Preparing: update tb_shop SET shop_name=?, shop_desc=?, shop_addr=?, phone=?, shop_img=?, last_edit_time=?, enable_status=?, advice=?, area_id=?, shop_category_id=? where shop_id = ? 
2018-09-01 10:38:36:566 [main] DEBUG com.myself.o2o.dao.ShopDao.updateShop-==> Parameters: 测试店铺3(String), test3(String), test3(String), test3(String), \upload\item\shop\9\2018090110383543124.jpg(String), 2018-09-01 10:38:35.283(Timestamp), 0(Integer), 审核中(String), 2(Integer), 1(Long), 9(Long)
2018-09-01 10:38:36:587 [main] DEBUG com.myself.o2o.dao.ShopDao.updateShop-<==    Updates: 1
2018-09-01 16:38:36:369 [main] DEBUG c.myself.o2o.dao.ShopCategoryDao.queryShopCategory-==>  Preparing: select shop_category_id, shop_category_name, shop_category_img, shop_category_desc, priority, create_time, last_edit_time, parent_id, from tb_shop_category order by priority DESC 
2018-09-01 16:38:36:398 [main] DEBUG c.myself.o2o.dao.ShopCategoryDao.queryShopCategory-==> Parameters: 
2018-09-01 16:50:42:541 [main] DEBUG c.myself.o2o.dao.ShopCategoryDao.queryShopCategory-==>  Preparing: select shop_category_id, shop_category_name, shop_category_img, shop_category_desc, priority, create_time, last_edit_time, parent_id from tb_shop_category order by priority DESC 
2018-09-01 16:50:42:583 [main] DEBUG c.myself.o2o.dao.ShopCategoryDao.queryShopCategory-==> Parameters: 
2018-09-01 16:50:42:608 [main] DEBUG c.myself.o2o.dao.ShopCategoryDao.queryShopCategory-<==      Total: 1
2018-09-01 16:56:16:249 [main] DEBUG c.myself.o2o.dao.ShopCategoryDao.queryShopCategory-==>  Preparing: select shop_category_id, shop_category_name, shop_category_img, shop_category_desc, priority, create_time, last_edit_time, parent_id from tb_shop_category order by priority DESC 
2018-09-01 16:56:16:279 [main] DEBUG c.myself.o2o.dao.ShopCategoryDao.queryShopCategory-==> Parameters: 
2018-09-01 16:56:16:297 [main] DEBUG c.myself.o2o.dao.ShopCategoryDao.queryShopCategory-<==      Total: 2
2018-09-01 16:56:16:299 [main] DEBUG c.myself.o2o.dao.ShopCategoryDao.queryShopCategory-==>  Preparing: select shop_category_id, shop_category_name, shop_category_img, shop_category_desc, priority, create_time, last_edit_time, parent_id from tb_shop_category order by priority DESC 
2018-09-01 16:56:16:299 [main] DEBUG c.myself.o2o.dao.ShopCategoryDao.queryShopCategory-==> Parameters: 
2018-09-01 16:56:16:301 [main] DEBUG c.myself.o2o.dao.ShopCategoryDao.queryShopCategory-<==      Total: 2
2018-09-01 16:57:14:939 [main] DEBUG c.myself.o2o.dao.ShopCategoryDao.queryShopCategory-==>  Preparing: select shop_category_id, shop_category_name, shop_category_img, shop_category_desc, priority, create_time, last_edit_time, parent_id from tb_shop_category order by priority DESC 
2018-09-01 16:57:14:969 [main] DEBUG c.myself.o2o.dao.ShopCategoryDao.queryShopCategory-==> Parameters: 
2018-09-01 16:57:14:987 [main] DEBUG c.myself.o2o.dao.ShopCategoryDao.queryShopCategory-<==      Total: 2
2018-09-01 16:57:15:092 [main] DEBUG c.myself.o2o.dao.ShopCategoryDao.queryShopCategory-==>  Preparing: select shop_category_id, shop_category_name, shop_category_img, shop_category_desc, priority, create_time, last_edit_time, parent_id from tb_shop_category WHERE parent_id = ? order by priority DESC 
2018-09-01 16:57:15:094 [main] DEBUG c.myself.o2o.dao.ShopCategoryDao.queryShopCategory-==> Parameters: 1(Long)
2018-09-01 16:57:15:106 [main] DEBUG c.myself.o2o.dao.ShopCategoryDao.queryShopCategory-<==      Total: 1
